[Log version] 1
[Session] fd59e6b5-e5b8-47e0-9f38-5f1ce3f279c8
UTC time stamps
17:35:13.229 [Application] STARTUP: setup_crash_report, File: E:\agent-work\data-dir\engine_release_celebrate_2019_02_25\runtime\application\application.cpp, Line: 2514
17:35:13.229 [Application] STARTUP: DLCList::setup, File: E:\agent-work\data-dir\engine_release_celebrate_2019_02_25\runtime\application\application.cpp, Line: 2526
17:35:13.229 [Application] STARTUP: setup_timer, File: E:\agent-work\data-dir\engine_release_celebrate_2019_02_25\runtime\application\application.cpp, Line: 2529
17:35:13.229 [Application] STARTUP: make system_info, File: E:\agent-work\data-dir\engine_release_celebrate_2019_02_25\runtime\application\application.cpp, Line: 2534
17:35:13.229 [Application] STARTUP: setup_jobs, File: E:\agent-work\data-dir\engine_release_celebrate_2019_02_25\runtime\application\application.cpp, Line: 2537
17:35:13.230 [Application] STARTUP: setup_resources, File: E:\agent-work\data-dir\engine_release_celebrate_2019_02_25\runtime\application\application.cpp, Line: 2539
17:35:13.262 [Application] STARTUP: setup_window, File: E:\agent-work\data-dir\engine_release_celebrate_2019_02_25\runtime\application\application.cpp, Line: 2547
17:35:13.314 [Window] Window => active
17:35:13.413 [Application] STARTUP: make game, File: E:\agent-work\data-dir\engine_release_celebrate_2019_02_25\runtime\application\application.cpp, Line: 2566
17:35:13.467 [Application] STARTUP: init steam, File: E:\agent-work\data-dir\engine_release_celebrate_2019_02_25\runtime\application\application.cpp, Line: 2571
17:35:14.121 [EAC] Init client 110000117d22d15
17:35:14.121 [EAC] EAC client initialized
17:35:14.121 warning: [EAC] Failed to initialize localization
17:35:14.122 [Application] STARTUP: setup renderer, File: E:\agent-work\data-dir\engine_release_celebrate_2019_02_25\runtime\application\application.cpp, Line: 2591
17:35:14.347 [D3DRenderDevice] choosing adapter: 0 (NVIDIA GeForce GTX 960M)
17:35:14.846 [AFTERMATH] Initialized Aftermath
17:35:14.864 [Application] STARTUP: setup input, File: E:\agent-work\data-dir\engine_release_celebrate_2019_02_25\runtime\application\application.cpp, Line: 2596
17:35:14.929 [Application] STARTUP: config renderer, File: E:\agent-work\data-dir\engine_release_celebrate_2019_02_25\runtime\application\application.cpp, Line: 2602
17:35:16.202 [Application] STARTUP: setup physics, File: E:\agent-work\data-dir\engine_release_celebrate_2019_02_25\runtime\application\application.cpp, Line: 2604
17:35:16.204 [Application] STARTUP: setup boot packages, File: E:\agent-work\data-dir\engine_release_celebrate_2019_02_25\runtime\application\application.cpp, Line: 2607
17:35:16.360 [Application] STARTUP: setup physics properties, File: E:\agent-work\data-dir\engine_release_celebrate_2019_02_25\runtime\application\application.cpp, Line: 2609
17:35:16.360 [Application] STARTUP: setup network, File: E:\agent-work\data-dir\engine_release_celebrate_2019_02_25\runtime\application\application.cpp, Line: 2611
17:35:16.360 [Save] Save dir: `C:\Users\dautz\AppData\Roaming\fatshark\Vermintide 2`
17:35:16.361 [Application] STARTUP: setup entities, File: E:\agent-work\data-dir\engine_release_celebrate_2019_02_25\runtime\application\application.cpp, Line: 2625
17:35:16.361 [Application] STARTUP: game init, File: E:\agent-work\data-dir\engine_release_celebrate_2019_02_25\runtime\application\application.cpp, Line: 2644
17:35:16.452 [LightFX ] Loaded DLL.
17:35:16.452 [LightFX ] Init()
17:35:16.459 [LightFX ] LightFX failed to initialize
17:35:16.460 [Lua] boot.lua start, os clock:	5.9119999999999999
17:35:16.461 [Lua] Boot:setup() entered. time: 	0	os-clock: 	5.9119999999999999
17:35:16.461 [Lua] --- CPU
CPU: Intel(R) Core(TM) i7-6700HQ CPU @ 2.60GHz
Vendor: GenuineIntel
Logical processors: 8
Family: 0:6, Model: 5:14
Type: 0, Stepping: 3
Features: SSE SSE2 SSE3 SSSE3 SSE4.1 SSE4.2
Feature bits:
EBX: 00000000 00010000 00001000 00000000 
ECX: 01111111 11111010 11111011 10111111 
EDX: 10111111 11101011 11111011 11111111 
--- Memory
Physical   Total:     16273MB
           Available: 10767MB
--- OS
Windows version 10.0 build 9200, 64 bit
Windows 10
Machine ID 8ebceff9-6b8a-460f-86e5-45dfb5836c42
--- Graphics
Graphics card: NVIDIA GeForce GTX 960M (DirectX 11.0, 4053MB) Driver version: 39836 
Graphics card: Intel(R) HD Graphics 530 (DirectX 11.0, 128MB) 
Graphics card: Microsoft Basic Render Driver (DirectX 11.0, 0MB) 
--- Network
Network interface: Realtek PCIe GBE Family Controller #2 (IPv4, IPv6)
Network interface: Microsoft Wi-Fi Direct Virtual Adapter (IPv4, IPv6)
Network interface: Microsoft Wi-Fi Direct Virtual Adapter #2 (IPv4, IPv6)
Network interface: Intel(R) Dual Band Wireless-AC 7265 (IPv4, IPv6)
Network interface: Bluetooth Device (Personal Area Network) (IPv4, IPv6)
--- Input
Input device: Mouse (18.1): Muis
Input device: Keyboard (19.4): Toetsenbord
Input device: Generic (17.0): USB Receiver
Input device: Generic (17.0): HP Wireless Button Driver

17:35:16.461 [Application] STARTUP: pre update loop, File: E:\agent-work\data-dir\engine_release_celebrate_2019_02_25\runtime\application\application.cpp, Line: 2995
17:35:16.476 [SteamStats] RequestCurrentStats success: true
17:35:21.594 [Lua] Boot:booting_update() reports boot packages loaded, initializing scripts. time: 	6.8436105926521122	os-clock: 	11.045999999999999
17:35:21.599 [Lua] Flushing:	resource_packages/boot_assets	[ResourcePackage]
17:35:21.602 [Lua] Flushing:	resource_packages/strings	[ResourcePackage]
17:35:21.604 [Lua] Flushing:	resource_packages/foundation_scripts	[ResourcePackage]
17:35:21.608 [Lua] Flushing:	resource_packages/game_scripts	[ResourcePackage]
17:35:21.608 [Lua] Flushing:	backend/local_backend/local_backend	[ResourcePackage]
17:35:21.608 [Lua] Flushing:	resource_packages/level_scripts	[ResourcePackage]
17:35:21.608 [Lua] Flushing:	resource_packages/levels/debug_levels	[ResourcePackage]
17:35:21.608 [Lua] Flushing:	resource_packages/levels/benchmark_levels	[ResourcePackage]
17:35:21.612 [Lua] Flushing:	resource_packages/levels/honduras_levels	[ResourcePackage]
17:35:21.613 [Lua] Flushing:	resource_packages/breeds	[ResourcePackage]
17:35:21.615 [Lua] Flushing:	resource_packages/breeds_common_resources	[ResourcePackage]
17:35:21.616 [Lua] *****************************************************************
17:35:21.616 [Lua] **                Initial contents of script_data              **
17:35:21.616 [Lua] script_data.beta_level_progression    = false
17:35:21.616 [Lua] script_data.build_identifier          = 8462f992ef28
17:35:21.616 [Lua] script_data.debug_interactions        = false
17:35:21.616 [Lua] script_data.debug_voip                = true
17:35:21.616 [Lua] script_data.disable_debug_draw        = true
17:35:21.616 [Lua] script_data.disable_intro_trailer     = false
17:35:21.616 [Lua] script_data.disable_tutorial_at_start = false
17:35:21.616 [Lua] script_data.enable_detailed_tooltips  = false
17:35:21.616 [Lua] script_data.force_debug_disabled      = true
17:35:21.616 [Lua] script_data.force_steam               = true
17:35:21.616 [Lua] script_data.hide_fps                  = true
17:35:21.616 [Lua] script_data.hide_version_info         = true
17:35:21.616 [Lua] script_data.matchmaking_debug         = true
17:35:21.616 [Lua] script_data.network_debug             = true
17:35:21.616 [Lua] script_data.network_debug_connections = true
17:35:21.616 [Lua] script_data.network_log_messages      = true
17:35:21.616 [Lua] script_data.package_debug             = true
17:35:21.616 [Lua] script_data.packaged_build            = true
17:35:21.616 [Lua] script_data.settings                  = { }
17:35:21.616 [Lua] script_data.show_fps                  = false
17:35:21.616 [Lua] script_data.spawn_empty_chest         = true
17:35:21.616 [Lua] script_data.telemetry_log_interval    = 600
17:35:21.616 [Lua] script_data.test_backend              = stage_steam_playfab
17:35:21.616 [Lua] script_data.tobii_button              = false
17:35:21.616 [Lua] script_data.use_beta_overlay          = false
17:35:21.616 [Lua] script_data.use_local_backend         = false
17:35:21.616 [Lua] script_data.use_tech_telemetry        = true
17:35:21.616 [Lua] script_data.use_telemetry             = true
17:35:21.616 [Lua] *****************************************************************
17:35:21.616 [Lua] [PackageManager] Load:  resource_packages/dlcs/bogenhafen, boot, async-read, 
17:35:21.616 [Lua] [PackageManager] Load:  resource_packages/dlcs/social_wheel, boot, async-read, 
17:35:21.616 [Lua] [PackageManager] Load:  resource_packages/dlcs/celebrate, boot, async-read, 
17:35:21.616 [Lua] [PackageManager] Load:  resource_packages/dlcs/holly, boot, async-read, 
17:35:21.616 [Lua] [PackageManager] Load:  resource_packages/dlcs/mutators_batch_01, boot, async-read, 
17:35:21.616 [Lua] [PackageManager] Load:  resource_packages/dlcs/paperweight, boot, async-read, 
17:35:21.616 [Lua] [PackageManager] Load:  resource_packages/dlcs/gecko, boot, async-read, 
17:35:21.636 [Lua] [PackageManager] Finished loading asynchronous package:  resource_packages/dlcs/bogenhafen
17:35:21.636 [Lua] [PackageManager] Force_load:  resource_packages/dlcs/bogenhafen
17:35:21.638 [Lua] [PackageManager] Queueing new asynch package:  resource_packages/dlcs/social_wheel
17:35:21.649 [Lua] [PackageManager] Finished loading asynchronous package:  resource_packages/dlcs/social_wheel
17:35:21.649 [Lua] [PackageManager] Force_load:  resource_packages/dlcs/social_wheel
17:35:21.649 [Lua] [PackageManager] Queueing new asynch package:  resource_packages/dlcs/celebrate
17:35:21.834 [Lua] [PackageManager] Finished loading asynchronous package:  resource_packages/dlcs/celebrate
17:35:21.834 [Lua] [PackageManager] Force_load:  resource_packages/dlcs/celebrate
17:35:21.835 [Lua] [PackageManager] Queueing new asynch package:  resource_packages/dlcs/holly
17:35:21.859 [Lua] [PackageManager] Finished loading asynchronous package:  resource_packages/dlcs/holly
17:35:21.859 [Lua] [PackageManager] Force_load:  resource_packages/dlcs/holly
17:35:21.861 [Lua] [PackageManager] Queueing new asynch package:  resource_packages/dlcs/mutators_batch_01
17:35:22.142 [Lua] [PackageManager] Finished loading asynchronous package:  resource_packages/dlcs/mutators_batch_01
17:35:22.142 [Lua] [PackageManager] Force_load:  resource_packages/dlcs/mutators_batch_01
17:35:22.142 [Lua] [PackageManager] Queueing new asynch package:  resource_packages/dlcs/paperweight
17:35:22.156 [Lua] [PackageManager] Finished loading asynchronous package:  resource_packages/dlcs/paperweight
17:35:22.156 [Lua] [PackageManager] Force_load:  resource_packages/dlcs/paperweight
17:35:22.157 [Lua] [PackageManager] Queueing new asynch package:  resource_packages/dlcs/gecko
17:35:22.390 [Lua] [PackageManager] Finished loading asynchronous package:  resource_packages/dlcs/gecko
17:35:22.390 [Lua] [PackageManager] Force_load:  resource_packages/dlcs/gecko
17:35:22.393 [Lua] Using test backend:	stage_steam_playfab
17:35:22.393 [Lua] nil
17:35:22.393 [Lua] table: 000000000005E640
17:35:22.456 [Lua] [1] = chaos_spawn (string)
17:35:22.456 [Lua] [2] = chaos_dummy_sorcerer (string)
17:35:22.456 [Lua] [3] = chaos_vortex (string)
17:35:22.456 [Lua] [4] = critter_rat (string)
17:35:22.456 [Lua] [5] = pet_rat (string)
17:35:22.456 [Lua] [6] = skaven_storm_vermin_champion (string)
17:35:22.456 [Lua] [7] = chaos_troll (string)
17:35:22.456 [Lua] [8] = skaven_stormfiend_boss (string)
17:35:22.456 [Lua] [9] = skaven_stormfiend (string)
17:35:22.456 [Lua] [10] = skaven_rat_ogre (string)
17:35:22.456 [Lua] [11] = chaos_plague_wave_spawner (string)
17:35:22.456 [Lua] [12] = critter_pig (string)
17:35:22.456 [Lua] [13] = skaven_storm_vermin_warlord (string)
17:35:22.456 [Lua] [14] = chaos_dummy_troll (string)
17:35:22.456 [Lua] [15] = pet_pig (string)
17:35:22.456 [Lua] [16] = skaven_grey_seer (string)
17:35:22.456 [Lua] [17] = skaven_stormfiend_demo (string)
17:35:22.456 [Lua] [18] = chaos_spawn_exalted_champion_norsca (string)
17:35:22.456 [Lua] [19] = skaven_loot_rat (string)
17:35:22.456 [Lua] [20] = chaos_tentacle (string)
17:35:22.456 [Lua] [21] = chaos_exalted_champion_warcamp (string)
17:35:22.456 [Lua] [22] = chaos_warrior (string)
17:35:22.456 [Lua] [23] = skaven_poison_wind_globadier (string)
17:35:22.456 [Lua] [24] = chaos_tentacle_sorcerer (string)
17:35:22.456 [Lua] [25] = chaos_exalted_sorcerer (string)
17:35:22.456 [Lua] [26] = skaven_ratling_gunner (string)
17:35:22.456 [Lua] [27] = chaos_exalted_champion_norsca (string)
17:35:22.456 [Lua] [28] = chaos_vortex_sorcerer (string)
17:35:22.456 [Lua] [29] = skaven_gutter_runner (string)
17:35:22.456 [Lua] [30] = skaven_warpfire_thrower (string)
17:35:22.456 [Lua] [31] = chaos_corruptor_sorcerer (string)
17:35:22.456 [Lua] [32] = skaven_pack_master (string)
17:35:22.456 [Lua] [33] = chaos_plague_sorcerer (string)
17:35:22.456 [Lua] [34] = skaven_plague_monk (string)
17:35:22.456 [Lua] [35] = skaven_storm_vermin_with_shield (string)
17:35:22.456 [Lua] [36] = chaos_raider_tutorial (string)
17:35:22.456 [Lua] [37] = chaos_berzerker (string)
17:35:22.456 [Lua] [38] = chaos_raider (string)
17:35:22.456 [Lua] [39] = skaven_storm_vermin (string)
17:35:22.456 [Lua] [40] = skaven_storm_vermin_commander (string)
17:35:22.456 [Lua] [41] = chaos_marauder_tutorial (string)
17:35:22.456 [Lua] [42] = skaven_clan_rat_tutorial (string)
17:35:22.456 [Lua] [43] = chaos_marauder_with_shield (string)
17:35:22.456 [Lua] [44] = skaven_clan_rat_with_shield (string)
17:35:22.456 [Lua] [45] = skaven_clan_rat (string)
17:35:22.456 [Lua] [46] = chaos_zombie (string)
17:35:22.456 [Lua] [47] = chaos_marauder (string)
17:35:22.456 [Lua] [48] = chaos_fanatic (string)
17:35:22.456 [Lua] [49] = skaven_dummy_clan_rat (string)
17:35:22.456 [Lua] [50] = skaven_dummy_slave (string)
17:35:22.456 [Lua] [51] = skaven_slave (string)
17:35:22.501 [Lua] enemy_package_loader_policy:	default
17:35:22.751 [Lua] <<crashify-property>>project = vermintide 2<</crashify-property>>
17:35:22.751 [Lua] <<crashify-property>>build = release<</crashify-property>>
17:35:22.751 [Lua] <<crashify-property>>platform = win32<</crashify-property>>
17:35:22.751 [Lua] <<crashify-property>>title_id = 5107<</crashify-property>>
17:35:22.751 [Lua] <<crashify-property>>content_revision = 130559<</crashify-property>>
17:35:22.751 [Lua] <<crashify-property>>engine_revision = 8462f992ef28<</crashify-property>>
17:35:22.751 [Lua] <<crashify-property>>release_version = 1.6.0.3<</crashify-property>>
17:35:22.751 [Lua] <<crashify-property>>rendering_backend = dx11<</crashify-property>>
17:35:22.751 [Lua] <<crashify-property>>teamcity_build_id = 40629<</crashify-property>>
17:35:22.751 [Lua] <<crashify-property>>steam_id = 110000117d22d15<</crashify-property>>
17:35:22.752 [Lua] <<crashify-property>>steam_user_name = Mss_Iris<</crashify-property>>
17:35:22.752 [Lua] <<crashify-property>>machine_id = 8ebceff9-6b8a-460f-86e5-45dfb5836c42<</crashify-property>>
17:35:22.752 [Lua] [Boot] Application build:	release
17:35:22.752 [Lua] [Boot] Content revision:	130559
17:35:22.752 [Lua] [Boot] Engine revision:	8462f992ef28
17:35:22.752 [Lua] [Boot] Release version:	1.6.0.3
17:35:22.752 [Lua] Diff in user_setting:	particles_quality	nil	lowest
17:35:22.752 [Lua] Diff in user_setting:	use_high_quality_fur	nil	false
17:35:22.752 [Lua] Diff in user_setting:	render_settings	local_probes_enabled	true	false
17:35:22.752 [Lua] Diff in user_setting:	ambient_light_quality	nil	low
17:35:22.752 [Lua] Diff in user_setting:	use_physic_debris	nil	false
17:35:22.752 [Lua] Diff in user_setting:	render_settings	ao_enabled	true	false
17:35:22.752 [Lua] Diff in user_setting:	render_settings	ao_secondary_enabled	true	false
17:35:22.752 [Lua] Diff in user_setting:	render_settings	ao_high_quality	true	false
17:35:22.752 [Lua] Diff in user_setting:	ao_quality	nil	off
17:35:22.752 [Lua] Diff in user_setting:	animation_lod_distance_multiplier	nil	0
17:35:22.752 [Lua] Diff in user_setting:	num_blood_decals	nil	0
17:35:22.752 [Lua] Diff in user_setting:	render_settings	volumetric_extrapolation_high_quality	true	false
17:35:22.752 [Lua] Diff in user_setting:	render_settings	volumetric_data_size	table: 00000000001482E0	table: 00000000001FA7E0
17:35:22.752 [Lua] Diff in user_setting:	render_settings	volumetric_lighting_local_lights	true	false
17:35:22.752 [Lua] Diff in user_setting:	render_settings	volumetric_reprojection_amount	0	1
17:35:22.752 [Lua] Diff in user_setting:	render_settings	volumetric_extrapolation_volumetric_shadows	true	false
17:35:22.752 [Lua] Diff in user_setting:	render_settings	volumetric_lighting_local_shadows	true	false
17:35:22.752 [Lua] Diff in user_setting:	render_settings	volumetric_volumes_enabled	true	false
17:35:22.752 [Lua] Diff in user_setting:	volumetric_fog_quality	nil	lowest
17:35:22.753 [Lua] Diff in user_setting:	render_settings	local_lights_shadow_map_filter_quality	high	low
17:35:22.753 [Lua] Diff in user_setting:	local_light_shadow_quality	nil	low
17:35:22.753 [Lua] Diff in user_setting:	texture_settings	texture_categories/environment_df	nil	2
17:35:22.753 [Lua] Diff in user_setting:	texture_settings	texture_categories/environment_dfa	nil	2
17:35:22.753 [Lua] Diff in user_setting:	texture_settings	texture_categories/environment_dfa1	nil	2
17:35:22.753 [Lua] Diff in user_setting:	texture_settings	texture_categories/environment_gsm	nil	2
17:35:22.753 [Lua] Diff in user_setting:	texture_settings	texture_categories/environment_nm	nil	2
17:35:22.753 [Lua] Diff in user_setting:	texture_settings	texture_categories/environment_hm	nil	2
17:35:22.753 [Lua] Diff in user_setting:	texture_settings	texture_categories/environment_hma	nil	2
17:35:22.753 [Lua] Diff in user_setting:	texture_settings	texture_categories/environment_streamable_df	nil	2
17:35:22.753 [Lua] Diff in user_setting:	texture_settings	texture_categories/environment_streamable_dfa	nil	2
17:35:22.753 [Lua] Diff in user_setting:	texture_settings	texture_categories/environment_streamable_nm	nil	2
17:35:22.753 [Lua] Diff in user_setting:	texture_settings	texture_categories/environment_streamable_ma	nil	2
17:35:22.753 [Lua] Diff in user_setting:	env_texture_quality	nil	low
17:35:22.753 [Lua] Diff in user_setting:	render_settings	sun_shadow_map_size	table: 00000000001DA1A0	table: 00000000001FA070
17:35:22.753 [Lua] Diff in user_setting:	render_settings	sun_shadow_map_filter_quality	high	low
17:35:22.753 [Lua] Diff in user_setting:	sun_shadow_quality	nil	low
17:35:22.753 [Lua] Diff in user_setting:	texture_settings	texture_categories/character_df	nil	2
17:35:22.753 [Lua] Diff in user_setting:	texture_settings	texture_categories/character_dfa	nil	2
17:35:22.753 [Lua] Diff in user_setting:	texture_settings	texture_categories/character_ma	nil	2
17:35:22.753 [Lua] Diff in user_setting:	texture_settings	texture_categories/character_nm	nil	2
17:35:22.753 [Lua] Diff in user_setting:	texture_settings	texture_categories/character_df_1p	nil	2
17:35:22.753 [Lua] Diff in user_setting:	texture_settings	texture_categories/character_ma_1p	nil	2
17:35:22.753 [Lua] Diff in user_setting:	texture_settings	texture_categories/character_nm_1p	nil	2
17:35:22.753 [Lua] Diff in user_setting:	texture_settings	texture_categories/weapon_df_3p	nil	2
17:35:22.753 [Lua] Diff in user_setting:	texture_settings	texture_categories/weapon_ma_3p	nil	2
17:35:22.753 [Lua] Diff in user_setting:	texture_settings	texture_categories/weapon_nm_3p	nil	2
17:35:22.753 [Lua] Diff in user_setting:	texture_settings	texture_categories/weapon_df	nil	2
17:35:22.753 [Lua] Diff in user_setting:	texture_settings	texture_categories/weapon_ma	nil	2
17:35:22.753 [Lua] Diff in user_setting:	texture_settings	texture_categories/weapon_mae	nil	2
17:35:22.753 [Lua] Diff in user_setting:	texture_settings	texture_categories/weapon_nm	nil	2
17:35:22.753 [Lua] Diff in user_setting:	texture_settings	texture_categories/weapon_dfa	nil	2
17:35:22.753 [Lua] Diff in user_setting:	char_texture_quality	nil	low
17:35:22.753 [Lua] Diff in user_setting:	render_settings	motion_blur_enabled	true	false
17:35:22.753 [Lua] Diff in user_setting:	render_settings	lod_scatter_density	1	0
17:35:22.753 [Lua] Diff in user_setting:	render_settings	sharpen_enabled	true	false
17:35:22.753 [Lua] Diff in user_setting:	render_settings	light_shafts_enabled	true	false
17:35:22.753 [Lua] Diff in user_setting:	render_settings	taa_enabled	true	false
17:35:22.753 [Lua] Diff in user_setting:	render_settings	deferred_local_lights_cast_shadows	true	false
17:35:22.753 [Lua] Diff in user_setting:	render_settings	bloom_enabled	true	false
17:35:22.753 [Lua] Diff in user_setting:	render_settings	ssr_enabled	true	false
17:35:22.753 [Lua] Diff in user_setting:	render_settings	dof_enabled	true	false
17:35:22.753 [Lua] Diff in user_setting:	render_settings	sun_flare_enabled	true	false
17:35:22.753 [Lua] Diff in user_setting:	render_settings	lens_quality_enabled	true	false
17:35:22.753 [Lua] Diff in user_setting:	render_settings	forward_local_lights_cast_shadows	true	false
17:35:22.753 [Lua] Diff in user_setting:	render_settings	skin_material_enabled	true	false
17:35:22.753 [Lua] Diff in user_setting:	render_settings	max_shadow_casting_lights	8	0
17:35:22.753 [Lua] Diff in user_setting:	render_settings	low_res_transparency	false	true
17:35:22.753 [Lua] Diff in user_setting:	render_settings	sun_shadows	true	false
17:35:22.753 [Application] apply_user_settings
17:35:23.043 [Lua] Game:_handle_win32_graphics_quality() total time: 0.291
17:35:23.043 [Lua] 	apply: 	0.28999999999999915
17:35:23.043 [Lua] 	save: 	0.0010000000000012221
17:35:23.043 [Lua] 
17:35:23.043 [Lua] 	 unaccounted: 	0
17:35:23.043 [Lua] [Boot] User ID:	110000117d22d15	Mss_Iris
17:35:23.043 [Application] apply_user_settings
17:35:23.334 [Lua] [SmokeTest] Disabled
17:35:23.334 [Save] Loading `telemetry`
17:35:23.334 [Lua] Game:setup() total time: 0.582
17:35:23.334 [Lua] 	handle rev info: 	0
17:35:23.334 [Lua] 	handle gfx quality: 	0.29100000000000037
17:35:23.334 [Lua] 	default settings: 	0.28699999999999903
17:35:23.334 [Lua] 	user settings: 	0
17:35:23.334 [Lua] 	set frame times: 	0
17:35:23.334 [Lua] 	init random: 	0
17:35:23.334 [Lua] 	managers: 	0.0039999999999995595
17:35:23.334 [Lua] 
17:35:23.334 [Lua] 	 unaccounted: 	0
17:35:23.334 [Lua] [Boot] use baked enemy meshes:	false
17:35:23.335 [Lua] [PackageManager] Load:  resource_packages/start_menu_splash, StateSplashScreen, async-read, prioritized
17:35:23.335 [Lua] [PackageManager] Load:  resource_packages/title_screen, state_splash_screen, async-read, 
17:35:23.335 [Lua] [PackageManager] Load:  resource_packages/menu, state_splash_screen, async-read, 
17:35:23.335 [Lua] [PackageManager] Load:  resource_packages/platform_specific/platform_specific, state_splash_screen, async-read, 
17:35:23.335 [Lua] [PackageManager] Load:  resource_packages/menu_assets, state_splash_screen, async-read, 
17:35:23.335 [Lua] [PackageManager] Load:  resource_packages/loading_screens/loading_screen_default, state_splash_screen, async-read, 
17:35:23.335 [Save] Load done
17:35:23.628 [Lua] [PackageManager] Finished loading asynchronous package:  resource_packages/start_menu_splash
17:35:23.628 [Lua] [PackageManager] Force_load:  resource_packages/start_menu_splash
17:35:23.630 [Lua] [PackageManager] Queueing new asynch package:  resource_packages/title_screen
17:35:23.658 [Lua] MUSIC MANAGER	Play_fatshark_logo	1	0
17:35:24.400 [Lua] [PackageManager] Finished loading asynchronous package:  resource_packages/title_screen
17:35:24.400 [Lua] [PackageManager] Force_load:  resource_packages/title_screen
17:35:24.401 [Lua] [PackageManager] Queueing new asynch package:  resource_packages/menu
17:35:24.518 [Lua] [PackageManager] Finished loading asynchronous package:  resource_packages/menu
17:35:24.518 [Lua] [PackageManager] Force_load:  resource_packages/menu
17:35:24.519 [Lua] [PackageManager] Queueing new asynch package:  resource_packages/platform_specific/platform_specific
17:35:24.639 [Lua] [PackageManager] Finished loading asynchronous package:  resource_packages/platform_specific/platform_specific
17:35:24.639 [Lua] [PackageManager] Force_load:  resource_packages/platform_specific/platform_specific
17:35:24.640 [Lua] [PackageManager] Queueing new asynch package:  resource_packages/menu_assets
17:35:26.155 [Lua] [PackageManager] Finished loading asynchronous package:  resource_packages/menu_assets
17:35:26.155 [Lua] [PackageManager] Force_load:  resource_packages/menu_assets
17:35:26.157 [Lua] [PackageManager] Queueing new asynch package:  resource_packages/loading_screens/loading_screen_default
17:35:26.225 [Lua] [PackageManager] Finished loading asynchronous package:  resource_packages/loading_screens/loading_screen_default
17:35:26.225 [Lua] [PackageManager] Force_load:  resource_packages/loading_screens/loading_screen_default
17:35:26.225 [Lua] [PackageManager] Load:  resource_packages/menu_assets_common, global, async-read, 
17:35:26.225 [Lua] [PackageManager] Load:  resource_packages/ingame_sounds_one, global, async-read, 
17:35:26.225 [Lua] [PackageManager] Load:  resource_packages/ingame_sounds_two, global, async-read, 
17:35:26.225 [Lua] [PackageManager] Load:  resource_packages/ingame_sounds_three, global, async-read, 
17:35:26.225 [Lua] [PackageManager] Load:  resource_packages/ingame_sounds_weapon_general, global, async-read, 
17:35:26.225 [Lua] [PackageManager] Load:  resource_packages/ingame_sounds_enemy_clan_rat_vce, global, async-read, 
17:35:26.225 [Lua] [PackageManager] Load:  resource_packages/ingame_sounds_player_foley_common, global, async-read, 
17:35:26.225 [Lua] [PackageManager] Load:  resource_packages/ingame_sounds_hud_dice_game, global, async-read, 
17:35:26.225 [Lua] [PackageManager] Load:  resource_packages/ingame_sounds_general_props, global, async-read, 
17:35:26.225 [Lua] [PackageManager] Load:  resource_packages/ingame_sounds_honduras, global, async-read, 
17:35:26.225 [Lua] [PackageManager] Load:  resource_packages/inventory, global, async-read, 
17:35:26.225 [Lua] [PackageManager] Load:  resource_packages/careers, global, async-read, 
17:35:26.225 [Lua] [PackageManager] Load:  resource_packages/decals, global, async-read, 
17:35:26.225 [Lua] [PackageManager] Load:  resource_packages/levels/ui_loot_preview, global, async-read, 
17:35:26.226 [Lua] [PackageManager] Load:  resource_packages/levels/ui_end_screen, global, async-read, 
17:35:26.226 [Lua] [PackageManager] Load:  resource_packages/ingame, global, async-read, 
17:35:26.226 [Lua] [PackageManager] Load:  resource_packages/pickups, global, async-read, 
17:35:26.226 [Lua] [PackageManager] Load:  resource_packages/projection_decals, global, async-read, 
17:35:26.374 [Lua] [PackageManager] Finished loading asynchronous package:  resource_packages/menu_assets_common
17:35:26.374 [Lua] [PackageManager] Force_load:  resource_packages/menu_assets_common
17:35:26.375 [Lua] [PackageManager] Queueing new asynch package:  resource_packages/ingame_sounds_one
17:35:27.234 [Lua] [PackageManager] Finished loading asynchronous package:  resource_packages/ingame_sounds_one
17:35:27.234 [Lua] [PackageManager] Force_load:  resource_packages/ingame_sounds_one
17:35:27.235 [Lua] [PackageManager] Queueing new asynch package:  resource_packages/ingame_sounds_two
17:35:28.198 [Lua] [PackageManager] Finished loading asynchronous package:  resource_packages/ingame_sounds_two
17:35:28.198 [Lua] [PackageManager] Force_load:  resource_packages/ingame_sounds_two
17:35:28.201 [Lua] [PackageManager] Queueing new asynch package:  resource_packages/ingame_sounds_three
17:35:29.903 [Lua] [PackageManager] Finished loading asynchronous package:  resource_packages/ingame_sounds_three
17:35:29.903 [Lua] [PackageManager] Force_load:  resource_packages/ingame_sounds_three
17:35:29.906 [Lua] [PackageManager] Queueing new asynch package:  resource_packages/ingame_sounds_weapon_general
17:35:30.997 [Lua] [PackageManager] Finished loading asynchronous package:  resource_packages/ingame_sounds_weapon_general
17:35:30.997 [Lua] [PackageManager] Force_load:  resource_packages/ingame_sounds_weapon_general
17:35:31.001 [Lua] [PackageManager] Queueing new asynch package:  resource_packages/ingame_sounds_enemy_clan_rat_vce
17:35:31.401 [Lua] [PackageManager] Finished loading asynchronous package:  resource_packages/ingame_sounds_enemy_clan_rat_vce
17:35:31.401 [Lua] [PackageManager] Force_load:  resource_packages/ingame_sounds_enemy_clan_rat_vce
17:35:31.403 [Lua] [PackageManager] Queueing new asynch package:  resource_packages/ingame_sounds_player_foley_common
17:35:31.772 [Lua] [PackageManager] Finished loading asynchronous package:  resource_packages/ingame_sounds_player_foley_common
17:35:31.772 [Lua] [PackageManager] Force_load:  resource_packages/ingame_sounds_player_foley_common
17:35:31.774 [Lua] [PackageManager] Queueing new asynch package:  resource_packages/ingame_sounds_hud_dice_game
17:35:31.989 [Lua] [PackageManager] Finished loading asynchronous package:  resource_packages/ingame_sounds_hud_dice_game
17:35:31.989 [Lua] [PackageManager] Force_load:  resource_packages/ingame_sounds_hud_dice_game
17:35:31.991 [Lua] [PackageManager] Queueing new asynch package:  resource_packages/ingame_sounds_general_props
17:35:32.058 [Lua] [PackageManager] Finished loading asynchronous package:  resource_packages/ingame_sounds_general_props
17:35:32.058 [Lua] [PackageManager] Force_load:  resource_packages/ingame_sounds_general_props
17:35:32.060 [Lua] [PackageManager] Queueing new asynch package:  resource_packages/ingame_sounds_honduras
17:35:32.608 [Lua] [PackageManager] Finished loading asynchronous package:  resource_packages/ingame_sounds_honduras
17:35:32.608 [Lua] [PackageManager] Force_load:  resource_packages/ingame_sounds_honduras
17:35:32.609 [Lua] [PackageManager] Queueing new asynch package:  resource_packages/inventory
17:35:32.713 [Lua] [PackageManager] Finished loading asynchronous package:  resource_packages/inventory
17:35:32.713 [Lua] [PackageManager] Force_load:  resource_packages/inventory
17:35:32.715 [Lua] [PackageManager] Queueing new asynch package:  resource_packages/careers
17:35:32.753 [Lua] [PackageManager] Finished loading asynchronous package:  resource_packages/careers
17:35:32.753 [Lua] [PackageManager] Force_load:  resource_packages/careers
17:35:32.754 [Lua] [PackageManager] Queueing new asynch package:  resource_packages/decals
17:35:32.788 [Lua] [PackageManager] Finished loading asynchronous package:  resource_packages/decals
17:35:32.788 [Lua] [PackageManager] Force_load:  resource_packages/decals
17:35:32.788 [Lua] [PackageManager] Queueing new asynch package:  resource_packages/levels/ui_loot_preview
17:35:32.890 [Lua] [PackageManager] Finished loading asynchronous package:  resource_packages/levels/ui_loot_preview
17:35:32.890 [Lua] [PackageManager] Force_load:  resource_packages/levels/ui_loot_preview
17:35:32.891 [Lua] [PackageManager] Queueing new asynch package:  resource_packages/levels/ui_end_screen
17:35:34.191 [Lua] [PackageManager] Finished loading asynchronous package:  resource_packages/levels/ui_end_screen
17:35:34.191 [Lua] [PackageManager] Force_load:  resource_packages/levels/ui_end_screen
17:35:34.192 [Lua] [PackageManager] Queueing new asynch package:  resource_packages/ingame
17:35:35.980 [Lua] [PackageManager] Finished loading asynchronous package:  resource_packages/ingame
17:35:35.980 [Lua] [PackageManager] Force_load:  resource_packages/ingame
17:35:35.986 [Lua] [PackageManager] Queueing new asynch package:  resource_packages/pickups
17:35:36.623 [Lua] MUSIC MANAGER	Stop_fatshark_logo	2	0
17:35:37.646 [Lua] [PackageManager] Finished loading asynchronous package:  resource_packages/pickups
17:35:37.646 [Lua] [PackageManager] Force_load:  resource_packages/pickups
17:35:37.648 [Lua] [PackageManager] Queueing new asynch package:  resource_packages/projection_decals
17:35:37.746 [Lua] [PackageManager] Finished loading asynchronous package:  resource_packages/projection_decals
17:35:37.746 [Lua] [PackageManager] Force_load:  resource_packages/projection_decals
17:35:44.644 [Lua] [PackageManager] Unload:  resource_packages/start_menu_splash, StateSplashScreen
17:35:44.644 [Lua] [Gamestate] Enter StateTitleScreen
17:35:44.646 [Lua] [Gamestate] Enter Substate StateTitleScreenMain
17:35:44.646 warning: [Lua] [InputService] No mapped input called Xbox Controller 0 for input service Player
17:35:44.646 warning: [Lua] [InputService] No mapped input called Xbox Controller 1 for input service Player
17:35:44.646 warning: [Lua] [InputService] No mapped input called Xbox Controller 2 for input service Player
17:35:44.646 warning: [Lua] [InputService] No mapped input called Xbox Controller 3 for input service Player
17:35:44.655 warning: [Lua] CHAT FONT SIZE DISABLED
17:35:44.660 [Lua] [Gamestate] Enter Substate StateTitleScreenInitNetwork
17:35:44.660 [Lua] [StateTitleScreenInitNetwork] SaveFileName	save_data
17:35:44.660 [Save] Loading `save_data`
17:35:44.660 [Save] Load done
17:35:44.677 [Lua] [BackendManagerPlayFab] Backend Enabled
17:35:50.011 [Lua] Populating data for character	1	15
17:35:50.231 [Lua] Requesting character data for index	2	15
17:35:50.231 [Lua] Populating data for character	2	15
17:35:50.467 [Lua] Requesting character data for index	3	15
17:35:50.467 [Lua] Populating data for character	3	15
17:35:50.687 [Lua] Requesting character data for index	4	15
17:35:50.687 [Lua] Populating data for character	4	15
17:35:50.905 [Lua] Requesting character data for index	5	15
17:35:50.905 [Lua] Populating data for character	5	15
17:35:51.124 [Lua] Requesting character data for index	6	15
17:35:51.124 [Lua] Populating data for character	6	15
17:35:51.344 [Lua] Requesting character data for index	7	15
17:35:51.344 [Lua] Populating data for character	7	15
17:35:51.563 [Lua] Requesting character data for index	8	15
17:35:51.563 [Lua] Populating data for character	8	15
17:35:51.782 [Lua] Requesting character data for index	9	15
17:35:51.782 [Lua] Populating data for character	9	15
17:35:52.001 [Lua] Requesting character data for index	10	15
17:35:52.001 [Lua] Populating data for character	10	15
17:35:52.221 [Lua] Requesting character data for index	11	15
17:35:52.221 [Lua] Populating data for character	11	15
17:35:52.443 [Lua] Requesting character data for index	12	15
17:35:52.443 [Lua] Populating data for character	12	15
17:35:52.660 [Lua] Requesting character data for index	13	15
17:35:52.660 [Lua] Populating data for character	13	15
17:35:52.878 [Lua] Requesting character data for index	14	15
17:35:52.878 [Lua] Populating data for character	14	15
17:35:53.096 [Lua] Requesting character data for index	15	15
17:35:53.096 [Lua] Populating data for character	15	15
17:35:53.569 [Lua] Player statistics loaded!
17:35:53.585 [Lua] [Gamestate] Enter Substate StateTitleScreenLoadSave
17:35:54.618 [Lua] [Managers] Destroying state managers...
17:35:54.618 [Lua] MUSIC MANAGER	Stop_menu_screen_music	3	0
17:35:54.618 [Lua] [Gamestate] Enter state StateLoading
17:35:54.620 [Lua] [StateLoading] Auto Skip: 	nil
17:35:54.621 [Lua] [LevelTransitionHandler] set_next_level( inn_level )
17:35:54.621 [Lua] [Gamestate] Enter Substate StateLoadingRestartNetwork
17:35:54.621 [Lua] state_loading_restart_network JOIN VIA STEAM 0
17:35:54.621 [Lua] [Network] Setting log ignore for RPC rpc_network_clock_sync_request
17:35:54.621 [Lua] [Network] Setting log ignore for RPC rpc_network_time_sync_response
17:35:54.621 [Lua] [Network] Setting log ignore for RPC rpc_network_current_server_time_response
17:35:54.621 [Lua] [Network] Setting log ignore for RPC rpc_network_current_server_time_request
17:35:54.621 [Lua] [Network] Setting log ignore for RPC rpc_add_damage
17:35:54.621 [Lua] [Network] Setting log ignore for RPC rpc_heal
17:35:54.621 [Lua] [Network] Setting log ignore for RPC rpc_ai_drop_single_item
17:35:54.621 [Lua] [Network] Setting log ignore for RPC rpc_ai_inventory_wield
17:35:54.621 [Lua] [Network] Setting log ignore for RPC rpc_ai_show_single_item
17:35:54.621 [Lua] [Network] Setting log ignore for RPC rpc_ai_weapon_shoot_start
17:35:54.621 [Lua] [Network] Setting log ignore for RPC rpc_ai_weapon_shoot_end
17:35:54.621 [Lua] [Network] Setting log ignore for RPC rpc_interest_point_chatter_update
17:35:54.621 [Lua] [Network] Setting log ignore for RPC rpc_set_animation_rotation_scale
17:35:54.621 [Lua] [Network] Setting log ignore for RPC rpc_set_animation_translation_scale
17:35:54.621 [Lua] [Network] Setting log ignore for RPC rpc_set_script_driven
17:35:54.621 [Lua] [Network] Setting log ignore for RPC rpc_set_affected_by_gravity
17:35:54.621 [Lua] [Network] Setting log ignore for RPC rpc_set_animation_driven
17:35:54.621 [Lua] [Network] Setting log ignore for RPC rpc_constrain_ai
17:35:54.621 [Lua] [Network] Setting log ignore for RPC rpc_sync_anim_state_1
17:35:54.621 [Lua] [Network] Setting log ignore for RPC rpc_sync_anim_state_2
17:35:54.621 [Lua] [Network] Setting log ignore for RPC rpc_sync_anim_state_3
17:35:54.621 [Lua] [Network] Setting log ignore for RPC rpc_sync_anim_state_4
17:35:54.621 [Lua] [Network] Setting log ignore for RPC rpc_sync_anim_state_5
17:35:54.621 [Lua] [Network] Setting log ignore for RPC rpc_sync_anim_state_6
17:35:54.621 [Lua] [Network] Setting log ignore for RPC rpc_sync_anim_state_7
17:35:54.621 [Lua] [Network] Setting log ignore for RPC rpc_sync_anim_state_8
17:35:54.621 [Lua] [Network] Setting log ignore for RPC rpc_sync_anim_state_9
17:35:54.621 [Lua] [Network] Setting log ignore for RPC rpc_sync_anim_state_10
17:35:54.621 [Lua] [Network] Setting log ignore for RPC rpc_sync_anim_state_11
17:35:54.621 [Lua] [Network] Setting log ignore for RPC rpc_sync_anim_state_12
17:35:54.621 [Lua] [Network] Setting log ignore for RPC rpc_create_bot_nav_transition
17:35:54.621 [Lua] [Network] Setting log ignore for RPC rpc_pacing_changed
17:35:54.621 [Lua] [Network] Setting log ignore for RPC rpc_play_dialogue_event
17:35:54.621 [Lua] [Network] Setting log ignore for RPC rpc_trigger_dialogue_event
17:35:54.621 [Lua] [Network] Setting log ignore for RPC rpc_interrupt_dialogue_event
17:35:54.621 [Lua] [Network] Setting log ignore for RPC rpc_anim_event
17:35:54.621 [Lua] [Network] Setting log ignore for RPC rpc_anim_event_variable_float
17:35:54.621 [Lua] [Network] Setting log ignore for RPC rpc_update_anim_variable_done
17:35:54.621 [Lua] [Network] Setting log ignore for RPC rpc_attack_hit
17:35:54.621 [Lua] [Network] Setting log ignore for RPC rpc_enemy_has_target
17:35:54.621 [Lua] [Network] Setting log ignore for RPC rpc_enemy_is_alerted
17:35:54.621 [Lua] [Network] Setting log ignore for RPC rpc_set_blocking
17:35:54.621 [Lua] [Network] Setting log ignore for RPC rpc_status_change_bool
17:35:54.621 [Lua] [Network] Setting log ignore for RPC rpc_skinned_surface_mtr_fx
17:35:54.621 [Lua] [Network] Setting log ignore for RPC rpc_surface_mtr_fx
17:35:54.621 [Lua] [Network] Setting log ignore for RPC rpc_surface_mtr_fx_lvl_unit
17:35:54.621 [Lua] [Network] Setting log ignore for RPC rpc_play_melee_hit_effects
17:35:54.621 [Lua] [Network] Setting log ignore for RPC rpc_weapon_blood
17:35:54.621 [Lua] [Network] Setting log ignore for RPC rpc_link_unit
17:35:54.621 [Lua] [Network] Setting log ignore for RPC rpc_play_first_person_sound
17:35:54.621 [Lua] [Network] Setting log ignore for RPC rpc_server_audio_event
17:35:54.621 [Lua] [Network] Setting log ignore for RPC rpc_server_audio_event_at_pos
17:35:54.621 [Lua] [Network] Setting log ignore for RPC rpc_server_audio_unit_event
17:35:54.621 [Lua] [Network] Setting log ignore for RPC rpc_server_audio_unit_param_string_event
17:35:54.621 [Lua] [Network] Setting log ignore for RPC rpc_server_audio_unit_param_int_event
17:35:54.621 [Lua] [Network] Setting log ignore for RPC rpc_server_audio_unit_param_float_event
17:35:54.621 [Lua] [Network] Setting log ignore for RPC rpc_client_audio_set_global_parameter_with_lerp
17:35:54.621 [Lua] [Network] Setting log ignore for RPC rpc_sync_door_state
17:35:54.621 [Lua] [Network] Setting log ignore for RPC rpc_add_external_velocity
17:35:54.621 [Lua] [Network] Setting log ignore for RPC rpc_tutorial_message
17:35:54.621 [Lua] [Network] Setting log ignore for RPC rpc_player_blocked_attack
17:35:54.621 [Lua] [Network] Setting log ignore for RPC rpc_set_wounded
17:35:54.621 [Lua] [Network] Setting log ignore for RPC rpc_alert_enemy
17:35:54.621 [Lua] [Network] Setting log ignore for RPC rpc_start_mission_with_unit
17:35:54.621 [Lua] [Network] Setting log ignore for RPC rpc_update_mission
17:35:54.621 [Lua] [Network] Setting log ignore for RPC rpc_end_mission
17:35:54.621 [Lua] [Network] Setting log ignore for RPC rpc_objective_entered_socket_zone
17:35:54.621 [Lua] [Network] Setting log ignore for RPC rpc_create_explosion
17:35:54.621 [Lua] [Network] Setting log ignore for RPC rpc_area_damage
17:35:54.621 [Lua] [Network] Setting log ignore for RPC rpc_player_projectile_impact_dynamic
17:35:54.621 [Lua] [Network] Setting log ignore for RPC rpc_client_spawn_light_weight_projectile
17:35:54.621 [Lua] [Network] Setting log ignore for RPC rpc_client_despawn_light_weight_projectile
17:35:54.621 [Lua] [Network] Setting log ignore for RPC rpc_player_projectile_impact_level
17:35:54.621 [Lua] [Network] Setting log ignore for RPC rpc_projectile_stopped
17:35:54.621 [Lua] [Network] Setting log ignore for RPC rpc_generic_impact_projectile_impact
17:35:54.621 [Lua] [Network] Setting log ignore for RPC rpc_show_inventory
17:35:54.621 [Lua] [Network] Setting log ignore for RPC rpc_server_set_inventory_packages
17:35:54.621 [Lua] [Network] Setting log ignore for RPC rpc_server_mark_profile_used
17:35:54.621 [Lua] [Network] Setting log ignore for RPC rpc_add_equipment
17:35:54.621 [Lua] [Network] Setting log ignore for RPC rpc_create_attachment
17:35:54.621 [Lua] [Network] Setting log ignore for RPC rpc_client_select_inventory
17:35:54.621 [Lua] [Network] Setting log ignore for RPC rpc_wield_equipment
17:35:54.621 [Lua] [Network] Setting log ignore for RPC rpc_destroy_slot
17:35:54.621 [Lua] [Network] Setting log ignore for RPC rpc_set_current_location
17:35:54.621 [Lua] [Network] Setting log ignore for RPC rpc_sync_damage_taken
17:35:54.621 [Lua] [Network] Setting log ignore for RPC rpc_flow_state_story_played
17:35:54.621 [Lua] [Network] Setting log ignore for RPC rpc_flow_state_story_stopped
17:35:54.621 [Lua] [Network] Setting log ignore for RPC rpc_flow_state_number_changed
17:35:54.621 [Lua] [Network] Setting log ignore for RPC rpc_add_buff
17:35:54.621 [Lua] [Network] Setting log ignore for RPC rpc_server_audio_unit_event
17:35:54.621 [Lua] [Network] Setting log ignore for RPC rpc_remove_server_controlled_buff
17:35:54.621 [Lua] [Network] Setting log ignore for RPC rpc_ping
17:35:54.621 [Lua] [Network] Setting log ignore for RPC rpc_pong
17:35:54.621 [Lua] [Network] Setting log ignore for RPC rpc_interaction_approved
17:35:54.621 [Lua] [Network] Setting log ignore for RPC rpc_interaction_abort
17:35:54.621 [Lua] [Network] Setting log ignore for RPC rpc_interaction_completed
17:35:54.621 [Lua] registering RPCs
17:35:54.622 [Lua] [LobbyAux] Making combined_hash: 4154e15eb2ede001 from network_hash=3868f8fe277dfe31, trunk_revision=130559, engine_revision=8462f992ef28, project_hash=bulldozer
17:35:54.622 [Lua] [PackageManager] Load:  resource_packages/loading_screens/loading_screen_15, global_loading_screens, async-read, prioritized
17:35:54.622 [Lua] [PackageManager] Load:  resource_packages/menu_assets, menu_assets, async-read, prioritized
17:35:54.622 [Lua] [StateLoading] Need to unload nil and start load inn_level
17:35:54.622 [Lua] [LevelTransitionHandler] load_level inn_level
17:35:54.622 [Lua] [LevelTransitionHandler] Loading level: "inn_level"
17:35:54.622 [Lua] [LevelTransitionHandler] Package name : "resource_packages/levels/inn"
17:35:54.622 [Lua] [PackageManager] Load:  resource_packages/levels/inn, LevelTransitionHandler, async-read, 
17:35:54.622 [Lua] [PackageManager] Load:  resource_packages/keep_paintings/keep_paintings_inn_level_sounds_01, dlc_level_package_inn_level, async-read, 
17:35:54.622 [Lua] [EnemyPackageLoader] setup_startup_enemies
17:35:54.622 [Lua] [EnemyPackageLoader] Load no enemies on this level
17:35:54.622 [Lua] [NetworkServer] Current level key inn_level
17:35:54.622 [Lua] [LevelTransitionHandler] Generated new level_seed:	892188
17:35:54.622 [Lua] [VOIP] Initializing Steam Voip
17:35:54.622 [Lua] [VOIP] Is server. Creating room / joining my own room.
17:35:54.626 [EAC] EAC server 110000117d22d15 is initializing
17:35:54.641 [EAC] Server is also client 110000117d22d15
17:35:54.641 [EACServer] [SetLogCallback] Procedure: 00007FF66AB82EB0 LogLevel: Info.
17:35:54.641 [Lua] ### Created peer state machine for 110000117d22d15
17:35:54.641 [Lua] [PeerSM] 110000117d22d15 :: on_enter Connecting
17:35:54.641 [Lua] MUSIC MANAGER	unmute_all_world_sounds	4	0
17:35:54.641 [Lua] [PlayFabRequestQueue] Enqueuing ExecuteCloudScript request	getLiveEvents	1
17:35:54.641 warning: [Application] Application.update_render_world is deprecated.
17:35:54.643 [Lua] [PlayFabRequestQueue] Sending Request Without EAC Challenge	ExecuteCloudScript	getLiveEvents	1
17:35:54.656 [Lua] [Gamestate] Enter Substate StateLoadingRunning
17:35:54.656 [Lua] Set lobby begin:
17:35:54.656 [Lua] Set lobby end.
17:35:54.656 [Lua] [LOCAL RPC] 	rpc_notify_connected
17:35:54.656 [Lua] [PSM] Peer 110000117d22d15 joined. Want to use profile index "1"
17:35:54.656 [Lua] [LobbyHost] Changed state from 0 to creating
17:35:54.661 [Lua] MUSIC MANAGER	vermintide_2_prologue_intro	5	0
17:35:54.746 [Lua] [PackageManager] Finished loading asynchronous package:  resource_packages/loading_screens/loading_screen_15
17:35:54.746 [Lua] [PackageManager] Force_load:  resource_packages/loading_screens/loading_screen_15
17:35:54.748 [Lua] [PackageManager] Queueing new asynch package:  resource_packages/levels/inn
17:35:54.848 [Lua] [PlayFabRequestQueue] Request Success	ExecuteCloudScript	getLiveEvents	1
17:35:54.902 [Umbra] Loading umbra tome '#ID[b387475a70e35986]'
17:35:54.969 [SteamLobby] Detected added member 110000117d22d15
17:35:54.970 [Lua] [LobbyHost] Changed state from creating to joined
17:35:54.971 [Lua] [PartyManager] Leader is set to 110000117d22d15
17:35:54.971 [Lua] [ChatManager] Setting up network context, host_peer_id:110000117d22d15 my_peer_id:110000117d22d15
17:35:54.971 [Lua] [ChatManager] Registering channel 1
17:35:54.971 [Lua] [EnemyPackageLoader] network_context_created (server_peer_id=110000117d22d15, own_peer_id=110000117d22d15)
17:35:54.987 [Lua] [NetworkServer] Changing num_players from nil to 1
17:35:54.987 [Lua] Players: 1
17:35:54.987 [Lua] Set lobby begin:
17:35:54.987 [Lua] 	Lobby data num_players = 1
17:35:54.987 [Lua] 	Lobby data level_key = inn_level
17:35:54.987 [Lua] 	Lobby data game_mode = n/a
17:35:54.987 [Lua] 	Lobby data matchmaking = false
17:35:54.987 [Lua] Set lobby end.
17:35:56.625 [Lua] [LOCAL RPC] 	rpc_notify_in_post_game	false
17:35:56.642 [Lua] [PeerSM] 110000117d22d15 :: on_exit Connecting
17:35:56.642 [Lua] [PeerSM] 110000117d22d15 :: on_enter Loading
17:35:56.642 [Lua] SENDING RPC_LOAD_LEVEL FROM PEER_STATE	110000117d22d15
17:35:56.642 [Lua] [LOCAL RPC] 	rpc_load_level	33	892188
17:35:58.379 [Lua] MUSIC MANAGER	Stop_vermintide_2_prologue_intro	6	0
17:35:58.379 [Lua] MUSIC MANAGER	Play_loading_screen_music	7	0
17:36:14.518 [Lua] [PackageManager] Finished loading asynchronous package:  resource_packages/levels/inn
17:36:14.518 [Lua] [PackageManager] Force_load:  resource_packages/levels/inn
17:36:14.521 [Lua] [PackageManager] Queueing new asynch package:  resource_packages/keep_paintings/keep_paintings_inn_level_sounds_01
17:36:14.530 [Lua] [PackageManager] Finished loading asynchronous package:  resource_packages/keep_paintings/keep_paintings_inn_level_sounds_01
17:36:14.530 [Lua] [PackageManager] Force_load:  resource_packages/keep_paintings/keep_paintings_inn_level_sounds_01
17:36:14.534 [Lua] [LevelTransitionHandler] Level load completed!
17:36:14.534 [Lua] ### Sending rpc_level_loaded
17:36:14.534 [Lua] #### Has state machine: true, sender: 110000117d22d15, level_id: 33
17:36:14.534 [Lua] Peer 110000117d22d15 has loaded the level and all enemies are loaded
17:36:14.536 [Lua] [PeerSM] 110000117d22d15 :: on_exit Loading
17:36:14.536 [Lua] [PeerSM] 110000117d22d15 :: on_enter LoadingProfilePackages
17:36:14.536 [Lua] [ProfileSynchronizer] set_profile_peer_id from profile nil to 1 for peer id 110000117d22d15:1
17:36:14.536 [Lua] Set lobby begin:
17:36:14.536 [Lua] 	Lobby data level_key = inn_level
17:36:14.536 [Lua] 	Lobby data player_slot_1 = 110000117d22d15:1
17:36:14.537 [Lua] 	Lobby data player_slot_6 = 0:0
17:36:14.537 [Lua] 	Lobby data num_players = 1
17:36:14.537 [Lua] 	Lobby data matchmaking = false
17:36:14.537 [Lua] 	Lobby data player_slot_4 = 0:0
17:36:14.537 [Lua] 	Lobby data game_mode = n/a
17:36:14.537 [Lua] 	Lobby data player_slot_5 = 0:0
17:36:14.537 [Lua] 	Lobby data player_slot_2 = 0:0
17:36:14.537 [Lua] 	Lobby data player_slot_3 = 0:0
17:36:14.537 [Lua] Set lobby end.
17:36:14.537 [Lua] [ProfileSynchronizer] rpc_server_mark_profile_used [peer_id 110000117d22d15:1, previous profile 0, profile 1]
17:36:14.538 [Lua] Set lobby begin:
17:36:14.538 [Lua] 	Lobby data level_key = inn_level
17:36:14.538 [Lua] 	Lobby data player_slot_1 = 110000117d22d15:1
17:36:14.538 [Lua] 	Lobby data player_slot_6 = 0:0
17:36:14.538 [Lua] 	Lobby data num_players = 1
17:36:14.538 [Lua] 	Lobby data matchmaking = false
17:36:14.538 [Lua] 	Lobby data player_slot_4 = 0:0
17:36:14.538 [Lua] 	Lobby data game_mode = n/a
17:36:14.538 [Lua] 	Lobby data player_slot_5 = 0:0
17:36:14.538 [Lua] 	Lobby data player_slot_2 = 0:0
17:36:14.538 [Lua] 	Lobby data player_slot_3 = 0:0
17:36:14.538 [Lua] Set lobby end.
17:36:14.538 [Lua] [ProfileSynchronizer] rpc_server_mark_profile_used [peer_id nil:0, previous profile 0, profile 2]
17:36:14.538 [Lua] Set lobby begin:
17:36:14.538 [Lua] 	Lobby data level_key = inn_level
17:36:14.539 [Lua] 	Lobby data player_slot_1 = 110000117d22d15:1
17:36:14.539 [Lua] 	Lobby data player_slot_6 = 0:0
17:36:14.539 [Lua] 	Lobby data num_players = 1
17:36:14.539 [Lua] 	Lobby data matchmaking = false
17:36:14.539 [Lua] 	Lobby data player_slot_4 = 0:0
17:36:14.539 [Lua] 	Lobby data game_mode = n/a
17:36:14.539 [Lua] 	Lobby data player_slot_5 = 0:0
17:36:14.539 [Lua] 	Lobby data player_slot_2 = 0:0
17:36:14.539 [Lua] 	Lobby data player_slot_3 = 0:0
17:36:14.539 [Lua] Set lobby end.
17:36:14.539 [Lua] [ProfileSynchronizer] rpc_server_mark_profile_used [peer_id nil:0, previous profile 0, profile 3]
17:36:14.539 [Lua] Set lobby begin:
17:36:14.539 [Lua] 	Lobby data level_key = inn_level
17:36:14.539 [Lua] 	Lobby data player_slot_1 = 110000117d22d15:1
17:36:14.539 [Lua] 	Lobby data player_slot_6 = 0:0
17:36:14.539 [Lua] 	Lobby data num_players = 1
17:36:14.540 [Lua] 	Lobby data matchmaking = false
17:36:14.540 [Lua] 	Lobby data player_slot_4 = 0:0
17:36:14.540 [Lua] 	Lobby data game_mode = n/a
17:36:14.540 [Lua] 	Lobby data player_slot_5 = 0:0
17:36:14.540 [Lua] 	Lobby data player_slot_2 = 0:0
17:36:14.540 [Lua] 	Lobby data player_slot_3 = 0:0
17:36:14.540 [Lua] Set lobby end.
17:36:14.540 [Lua] [ProfileSynchronizer] rpc_server_mark_profile_used [peer_id nil:0, previous profile 0, profile 4]
17:36:14.540 [Lua] Set lobby begin:
17:36:14.540 [Lua] 	Lobby data level_key = inn_level
17:36:14.540 [Lua] 	Lobby data player_slot_1 = 110000117d22d15:1
17:36:14.540 [Lua] 	Lobby data player_slot_6 = 0:0
17:36:14.540 [Lua] 	Lobby data num_players = 1
17:36:14.540 [Lua] 	Lobby data matchmaking = false
17:36:14.540 [Lua] 	Lobby data player_slot_4 = 0:0
17:36:14.541 [Lua] 	Lobby data game_mode = n/a
17:36:14.541 [Lua] 	Lobby data player_slot_5 = 0:0
17:36:14.541 [Lua] 	Lobby data player_slot_2 = 0:0
17:36:14.541 [Lua] 	Lobby data player_slot_3 = 0:0
17:36:14.541 [Lua] Set lobby end.
17:36:14.541 [Lua] [ProfileSynchronizer] rpc_server_mark_profile_used [peer_id nil:0, previous profile 0, profile 5]
17:36:14.541 [Lua] Set lobby begin:
17:36:14.541 [Lua] 	Lobby data level_key = inn_level
17:36:14.541 [Lua] 	Lobby data player_slot_1 = 110000117d22d15:1
17:36:14.541 [Lua] 	Lobby data player_slot_6 = 0:0
17:36:14.541 [Lua] 	Lobby data num_players = 1
17:36:14.541 [Lua] 	Lobby data matchmaking = false
17:36:14.541 [Lua] 	Lobby data player_slot_4 = 0:0
17:36:14.541 [Lua] 	Lobby data game_mode = n/a
17:36:14.541 [Lua] 	Lobby data player_slot_5 = 0:0
17:36:14.541 [Lua] 	Lobby data player_slot_2 = 0:0
17:36:14.541 [Lua] 	Lobby data player_slot_3 = 0:0
17:36:14.542 [Lua] Set lobby end.
17:36:14.542 [Lua] [ProfileSynchronizer] rpc_server_mark_profile_used [peer_id nil:0, previous profile 0, profile 6]
17:36:14.542 [Lua] ### Sending rpc_level_loaded
17:36:14.542 [Lua] #### Has state machine: false, sender: 110000117d22d15, level_id: 33
17:36:14.542 [Lua] [NETWORK] send_rpc(rpc_server_set_inventory_packages) owned_peer_id:110000117d22d15 inventory_sync_id:1 my_peer_id:110000117d22d15
17:36:14.542 [Lua] [StateLoading] started fadeing in, want to go to state:StateIngame
17:36:14.544 [Lua] [NETWORK] rpc_server_set_inventory_packages, sender:110000117d22d15 inventory_sync_id:1 my_peer_id:110000117d22d15
17:36:14.544 [Lua] [PackageManager] Load:  units/beings/player/witch_hunter_captain/headpiece/wh_c_hat_06, InventoryPackageSynchronizerClient, async-read, 
17:36:14.544 [Lua] [PackageManager] Load:  units/weapons/player/wpn_emp_pistol_01_t1/wpn_emp_pistol_01_t1, InventoryPackageSynchronizerClient, async-read, 
17:36:14.544 [Lua] [PackageManager] Load:  units/weapons/player/wpn_fencingsword_01_t1/wpn_fencingsword_01_t1_3p, InventoryPackageSynchronizerClient, async-read, 
17:36:14.544 [Lua] [PackageManager] Load:  units/beings/player/first_person_base/chr_first_person_bot_base, InventoryPackageSynchronizerClient, async-read, 
17:36:14.544 [Lua] [PackageManager] Load:  units/beings/player/first_person_base/chr_first_person_base, InventoryPackageSynchronizerClient, async-read, 
17:36:14.544 [Lua] [PackageManager] Load:  units/weapons/player/wpn_fencingsword_01_t1/wpn_fencingsword_01_t1, InventoryPackageSynchronizerClient, async-read, 
17:36:14.544 [Lua] [PackageManager] Load:  units/beings/player/witch_hunter_captain/first_person_base/chr_first_person_mesh, InventoryPackageSynchronizerClient, async-read, 
17:36:14.544 [Lua] [PackageManager] Load:  units/weapons/player/wpn_bullet_temp/wpn_bullet_temp_3ps, InventoryPackageSynchronizerClient, async-read, 
17:36:14.544 [Lua] [PackageManager] Load:  units/weapons/player/wpn_emp_pistol_01_t1/wpn_emp_pistol_01_t1_3p, InventoryPackageSynchronizerClient, async-read, 
17:36:14.544 [Lua] [PackageManager] Load:  units/beings/player/witch_hunter_captain/third_person_base/chr_third_person_base, InventoryPackageSynchronizerClient, async-read, 
17:36:14.544 [Lua] [PackageManager] Load:  resource_packages/careers/wh_captain, InventoryPackageSynchronizerClient, async-read, 
17:36:14.566 [Lua] [PackageManager] Finished loading asynchronous package:  units/beings/player/witch_hunter_captain/headpiece/wh_c_hat_06
17:36:14.566 [Lua] [PackageManager] Force_load:  units/beings/player/witch_hunter_captain/headpiece/wh_c_hat_06
17:36:14.567 [Lua] [PackageManager] Queueing new asynch package:  units/weapons/player/wpn_emp_pistol_01_t1/wpn_emp_pistol_01_t1
17:36:15.080 [Lua] [PackageManager] Finished loading asynchronous package:  units/weapons/player/wpn_emp_pistol_01_t1/wpn_emp_pistol_01_t1
17:36:15.081 [Lua] [PackageManager] Force_load:  units/weapons/player/wpn_emp_pistol_01_t1/wpn_emp_pistol_01_t1
17:36:15.082 [Lua] [PackageManager] Queueing new asynch package:  units/weapons/player/wpn_fencingsword_01_t1/wpn_fencingsword_01_t1_3p
17:36:15.389 [Lua] [PackageManager] Finished loading asynchronous package:  units/weapons/player/wpn_fencingsword_01_t1/wpn_fencingsword_01_t1_3p
17:36:15.389 [Lua] [PackageManager] Force_load:  units/weapons/player/wpn_fencingsword_01_t1/wpn_fencingsword_01_t1_3p
17:36:15.391 [Lua] [PackageManager] Queueing new asynch package:  units/beings/player/first_person_base/chr_first_person_bot_base
17:36:15.584 [Lua] [StateLoading] fade_in_completed, new state:StateIngame
17:36:15.584 [Lua] Set lobby begin:
17:36:15.584 [Lua] 	Lobby data level_key = inn_level
17:36:15.584 [Lua] 	Lobby data player_slot_1 = 110000117d22d15:1
17:36:15.584 [Lua] 	Lobby data player_slot_6 = 0:0
17:36:15.584 [Lua] 	Lobby data num_players = 1
17:36:15.584 [Lua] 	Lobby data matchmaking = false
17:36:15.585 [Lua] 	Lobby data host = 110000117d22d15
17:36:15.585 [Lua] 	Lobby data player_slot_4 = 0:0
17:36:15.585 [Lua] 	Lobby data game_mode = n/a
17:36:15.585 [Lua] 	Lobby data player_slot_5 = 0:0
17:36:15.585 [Lua] 	Lobby data player_slot_2 = 0:0
17:36:15.585 [Lua] 	Lobby data country_code = BE
17:36:15.585 [Lua] 	Lobby data player_slot_3 = 0:0
17:36:15.585 [Lua] 	Lobby data unique_server_name = Mss_Iris
17:36:15.585 [Lua] Set lobby end.
17:36:15.585 [Lua] [Managers] Destroying state managers...
17:36:15.586 [Lua] [PackageManager] Unload:  resource_packages/loading_screens/loading_screen_15, global_loading_screens
17:36:15.586 [Lua] MUSIC MANAGER	Stop_loading_screen_music	8	0
17:36:15.586 [Lua] [Gamestate] Enter StateIngame	HOST
17:36:15.587 [Lua] <<crashify-property>>level = inn_level<</crashify-property>>
17:36:15.587 [Lua] Set lobby begin:
17:36:15.587 [Lua] 	Lobby data level_key = inn_level
17:36:15.587 [Lua] 	Lobby data player_slot_1 = 110000117d22d15:1
17:36:15.587 [Lua] 	Lobby data selected_level_key = inn_level
17:36:15.587 [Lua] 	Lobby data player_slot_6 = 0:0
17:36:15.587 [Lua] 	Lobby data num_players = 1
17:36:15.587 [Lua] 	Lobby data matchmaking = false
17:36:15.587 [Lua] 	Lobby data host = 110000117d22d15
17:36:15.588 [Lua] 	Lobby data player_slot_4 = 0:0
17:36:15.588 [Lua] 	Lobby data game_mode = n/a
17:36:15.588 [Lua] 	Lobby data player_slot_5 = 0:0
17:36:15.588 [Lua] 	Lobby data player_slot_2 = 0:0
17:36:15.588 [Lua] 	Lobby data country_code = BE
17:36:15.588 [Lua] 	Lobby data player_slot_3 = 0:0
17:36:15.588 [Lua] 	Lobby data unique_server_name = Mss_Iris
17:36:15.588 [Lua] Set lobby end.
17:36:15.588 [Umbra] Init version: 3.4.15 :: 16 threads
17:36:15.589 [Lua] [StateIngame] Server ingame
17:36:15.592 [Lua] Set lobby begin:
17:36:15.592 [Lua] 	Lobby data level_key = inn_level
17:36:15.592 [Lua] 	Lobby data player_slot_1 = 110000117d22d15:1
17:36:15.592 [Lua] 	Lobby data selected_level_key = inn_level
17:36:15.592 [Lua] 	Lobby data difficulty = normal
17:36:15.592 [Lua] 	Lobby data player_slot_6 = 0:0
17:36:15.592 [Lua] 	Lobby data num_players = 1
17:36:15.592 [Lua] 	Lobby data matchmaking = false
17:36:15.592 [Lua] 	Lobby data host = 110000117d22d15
17:36:15.593 [Lua] 	Lobby data player_slot_4 = 0:0
17:36:15.593 [Lua] 	Lobby data game_mode = n/a
17:36:15.593 [Lua] 	Lobby data player_slot_5 = 0:0
17:36:15.593 [Lua] 	Lobby data player_slot_2 = 0:0
17:36:15.593 [Lua] 	Lobby data country_code = BE
17:36:15.593 [Lua] 	Lobby data player_slot_3 = 0:0
17:36:15.593 [Lua] 	Lobby data unique_server_name = Mss_Iris
17:36:15.593 [Lua] Set lobby end.
17:36:15.593 [Lua] [LobbyAux] Making combined_hash: 4154e15eb2ede001 from network_hash=3868f8fe277dfe31, trunk_revision=130559, engine_revision=8462f992ef28, project_hash=bulldozer
17:36:15.593 [Lua] [LobbyAux] Making combined_hash: 4154e15eb2ede001 from network_hash=3868f8fe277dfe31, trunk_revision=130559, engine_revision=8462f992ef28, project_hash=bulldozer
17:36:15.593 [Lua] [Matchmaking] Entering MatchmakingStateIdle on_enter() 
17:36:15.593 [Lua] [Matchmaking] initializing
17:36:15.593 [Lua] [Matchmaking] my_peer_id: 110000117d22d15, I am server
17:36:15.593 [Lua] [Matchmaking] register rpcs
17:36:15.593 [Lua] [GameNetworkManager] Setting pong timeout to 60
17:36:15.593 [Lua] [GameNetworkManager] My own peer_id = 110000117d22d15
17:36:15.593 [Lua] [GameNetworkManager] self.is_server = true
17:36:15.593 [Lua] [GameNetworkManager] Network caps: min/peer 170 kbps, total 512 kbps
17:36:15.594 [Network] Setting artificial MTU limit to 65536
17:36:15.596 [Lua] Switching ConflictSettings: to: disabled
17:36:15.596 [Lua] 	pacing=disabled
17:36:15.596 [Lua] 	roaming=nil
17:36:15.596 [Lua] 	disabled=true
17:36:15.596 [Lua] 	pack_spawning=disabled
17:36:15.596 [Lua] 	boss=disabled
17:36:15.596 [Lua] 	horde=disabled
17:36:15.596 [Lua] 	specials=disabled
17:36:15.596 [Lua] 	name=disabled
17:36:15.596 [Lua] 	intensity=disabled
17:36:15.596 [Lua] ---
17:36:15.600 [Lua] [AIInterestPointSystem] Level Seed: 	892188
17:36:15.601 [Lua] <entity_system_creation_context>
17:36:15.601 [Lua] [entity_system_bag] = table
17:36:15.601 [Lua] [entity_system_bag] = metatable
17:36:15.601 [Lua] [startup_data] = table
17:36:15.601 [Lua] [entity_manager] = table
17:36:15.601 [Lua] [entity_manager] = metatable
17:36:15.601 [Lua] [unit_spawner] = table
17:36:15.601 [Lua] [unit_spawner] = metatable
17:36:15.601 [Lua] [unit_storage] = table
17:36:15.601 [Lua] [unit_storage] = metatable
17:36:15.601 [Lua] [dice_keeper] = table
17:36:15.601 [Lua] [dice_keeper] = metatable
17:36:15.601 [Lua] [is_server] = true (boolean)
17:36:15.601 [Lua] [world] = [World]
17:36:15.601 [Lua] [system_api] = table
17:36:15.601 [Lua] [network_lobby] = table
17:36:15.601 [Lua] [network_lobby] = metatable
17:36:15.601 [Lua] [profile_synchronizer] = table
17:36:15.601 [Lua] [profile_synchronizer] = metatable
17:36:15.601 [Lua] [entity_system] = table
17:36:15.601 [Lua] [entity_system] = metatable
17:36:15.601 [Lua] [num_local_human_players] = 1 (number)
17:36:15.601 [Lua] [statistics_db] = table
17:36:15.601 [Lua] [statistics_db] = metatable
17:36:15.601 [Lua] [network_server] = table
17:36:15.601 [Lua] [network_server] = metatable
17:36:15.601 [Lua] [input_manager] = table
17:36:15.601 [Lua] [input_manager] = metatable
17:36:15.601 [Lua] [network_clock] = table
17:36:15.601 [Lua] [network_clock] = metatable
17:36:15.601 [Lua] [network_transmit] = table
17:36:15.601 [Lua] [network_transmit] = metatable
17:36:15.601 [Lua] [free_flight_manager] = table
17:36:15.601 [Lua] [free_flight_manager] = metatable
17:36:15.601 [Lua] [network_manager] = table
17:36:15.601 [Lua] [network_manager] = metatable
17:36:15.601 [Lua] [network_event_delegate] = table
17:36:15.601 [Lua] [network_event_delegate] = metatable
17:36:15.601 [Lua] </entity_system_creation_context>
17:36:15.602 [Lua] Nav graph ledgelator version: Found version=2017.MAY.05.05 Wanted version=2017.MAY.05.05
17:36:15.605 [Lua] [AchievementManager] Achievements using the steam platform
17:36:15.606 [Lua] [StateIngame] Level seed:	892188
17:36:15.606 [World] Spawning level.
17:36:15.614 warning: [Physx] PhysX: PxRigidBodyExt::updateMassAndInertia: inertia tensor has negative components (ill-conditioned input expected). Approximation for inertia tensor will be used instead. ..\..\PhysXExtensions\src\ExtRigidBodyExt.cpp 88
17:36:15.860 [Lua] [GameNetworkManager] Created game object of type 'keep_decoration_painting' with go_id=0
17:36:15.860 [Lua] [GameNetworkManager] Created game object of type 'keep_decoration_painting' with go_id=1
17:36:15.860 [Lua] [GameNetworkManager] Created game object of type 'keep_decoration_painting' with go_id=2
17:36:15.860 [Lua] [GameNetworkManager] Created game object of type 'keep_decoration_painting' with go_id=3
17:36:15.860 [Lua] [GameNetworkManager] Created game object of type 'keep_decoration_painting' with go_id=4
17:36:15.860 [Lua] [GameNetworkManager] Created game object of type 'keep_decoration_painting' with go_id=5
17:36:15.860 [Lua] [GameNetworkManager] Created game object of type 'keep_decoration_painting' with go_id=6
17:36:15.860 [Lua] [GameNetworkManager] Created game object of type 'keep_decoration_painting' with go_id=7
17:36:15.860 [Lua] [GameNetworkManager] Created game object of type 'keep_decoration_painting' with go_id=8
17:36:15.860 [Lua] [GameNetworkManager] Created game object of type 'keep_decoration_painting' with go_id=9
17:36:15.860 [Lua] [GameNetworkManager] Created game object of type 'keep_decoration_painting' with go_id=10
17:36:15.860 [Lua] [GameNetworkManager] Created game object of type 'keep_decoration_painting' with go_id=11
17:36:15.860 [Lua] [GameNetworkManager] Created game object of type 'keep_decoration_painting' with go_id=12
17:36:15.860 [Lua] [GameNetworkManager] Created game object of type 'keep_decoration_painting' with go_id=13
17:36:15.860 [Lua] [GameNetworkManager] Created game object of type 'keep_decoration_painting' with go_id=14
17:36:15.860 [Lua] [GameNetworkManager] Created game object of type 'keep_decoration_painting' with go_id=15
17:36:15.860 [Lua] [GameNetworkManager] Created game object of type 'keep_decoration_painting' with go_id=16
17:36:15.860 [Lua] [GameNetworkManager] Created game object of type 'keep_decoration_painting' with go_id=17
17:36:15.860 [Lua] [GameNetworkManager] Created game object of type 'keep_decoration_painting' with go_id=18
17:36:15.862 [Lua] [LevelAnalysis] set_random_seed( 1089140096)
17:36:15.865 [Lua] PlayerManager:add_player player_1
17:36:15.868 [Lua] [GameNetworkManager] Created player game object of type 'player' with go_id=19
17:36:15.868 [Lua] [GameNetworkManager] Created game object of type 'player_sync_data' with go_id=20
17:36:15.869 [Lua] [IngameUI] init
17:36:16.649 <<Lua Error>>scripts/ui/views/options_view.lua:7505: attempt to index local 'profile' (a nil value)<</Lua Error>>
<<Callstack>>
{00007ff66a7d0000, 009ce000, 5c8a5992, 75e87737-08e8-4fcb-b602-207b03baf887, 00000001, E:\agent-work\tmp-builds\engine_release_celebrate_2019_02_25\engine\win64\release\vermintide2.pdb}
{00007ffef8800000, 001e1000, 74bed8b0, 95927c40-b68e-505c-d227-42795247114c, 00000001, ntdll.pdb}
{00007ffef6030000, 000b2000, 9fa3d270, 3c2aaa02-0c3c-4c31-f56c-bbfaedae94ac, 00000001, kernel32.pdb}

0x00007ff66a7d0000:0x00000000002b67a2 
0x00007ff66a7d0000:0x00000000002b6a5b 
0x00007ff66a7d0000:0x00000000002b357d 
0x00007ff66a7d0000:0x0000000000302ae4 
0x00007ff66a7d0000:0x00000000003024aa 
0x00007ff66a7d0000:0x000000000002f779 
0x00007ff66a7d0000:0x000000000002f1fb 
0x00007ff66a7d0000:0x0000000000021626 
0x00007ff66a7d0000:0x0000000000021c39 
0x00007ff66a7d0000:0x0000000000021d42 
0x00007ff66a7d0000:0x000000000045bdb7 
0x00007ffef6030000:0x0000000000013dc4 BaseThreadInitThunk
0x00007ffef8800000:0x0000000000073691 RtlUserThreadStart
<</Callstack>>
<<Crash version>>1<</Crash version>>
<<Thread name>>main<</Thread name>>
<<Platform>>win32<</Platform>>
<<Build identifier>>8462f992ef28<</Build identifier>>
<<Build type>>release<</Build type>>
<<Product version>>Developer Build (1.3.0.0)<</Product version>>
<<Session>>fd59e6b5-e5b8-47e0-9f38-5f1ce3f279c8<</Session>>
<<System Information>>--- CPU
CPU: Intel(R) Core(TM) i7-6700HQ CPU @ 2.60GHz
Vendor: GenuineIntel
Logical processors: 8
Family: 0:6, Model: 5:14
Type: 0, Stepping: 3
Features: SSE SSE2 SSE3 SSSE3 SSE4.1 SSE4.2
Feature bits:
EBX: 00000000 00010000 00001000 00000000 
ECX: 01111111 11111010 11111011 10111111 
EDX: 10111111 11101011 11111011 11111111 
--- Memory
Physical   Total:     16273MB
           Available: 10767MB
--- OS
Windows version 10.0 build 9200, 64 bit
Windows 10
Machine ID 8ebceff9-6b8a-460f-86e5-45dfb5836c42
--- Graphics
Graphics card: NVIDIA GeForce GTX 960M (DirectX 11.0, 4053MB) Driver version: 39836 
Graphics card: Intel(R) HD Graphics 530 (DirectX 11.0, 128MB) 
Graphics card: Microsoft Basic Render Driver (DirectX 11.0, 0MB) 
--- Network
Network interface: Realtek PCIe GBE Family Controller #2 (IPv4, IPv6)
Network interface: Microsoft Wi-Fi Direct Virtual Adapter (IPv4, IPv6)
Network interface: Microsoft Wi-Fi Direct Virtual Adapter #2 (IPv4, IPv6)
Network interface: Intel(R) Dual Band Wireless-AC 7265 (IPv4, IPv6)
Network interface: Bluetooth Device (Personal Area Network) (IPv4, IPv6)
--- Input
Input device: Mouse (18.1): Muis
Input device: Keyboard (19.4): Toetsenbord
Input device: Generic (17.0): USB Receiver
Input device: Generic (17.0): HP Wireless Button Driver
<</System Information>>
<<Console Log>>C:\Users\dautz\AppData\Roaming\fatshark\Vermintide 2\console_logs\console-2019-03-17-17.35.13-fd59e6b5-e5b8-47e0-9f38-5f1ce3f279c8.log<</Console Log>>
<<Crash Dump>>C:\Users\dautz\AppData\Roaming\fatshark\Vermintide 2\crash_dumps\crash_dump-2019-03-17-17.35.13-fd59e6b5-e5b8-47e0-9f38-5f1ce3f279c8.dmp<</Crash Dump>>
<<Plugins>>
CrashMonitor
navigation
cjson
lcurl
rule database
tobii_eyetracking_plugin
wwise_plugin
<</Plugins>>
<<Lua Error>>scripts/ui/views/options_view.lua:7505: attempt to index local 'profile' (a nil value)<</Lua Error>>
<<Lua Stack>>  [1] scripts/ui/views/options_view.lua:7505:in function <scripts/ui/views/options_view.lua:7488>
  [2] scripts/ui/views/options_view.lua:1329: in function build_sorted_list_widget
  [3] scripts/ui/views/options_view.lua:928: in function build_settings_list
  [4] scripts/ui/views/options_view.lua:811: in function create_ui_elements
  [5] scripts/ui/views/options_view.lua:320: in function init
  [6] foundation/scripts/util/class.lua:60: in function new
  [7] scripts/ui/views/ingame_ui_settings.lua:526: in function views_function
  [8] scripts/ui/views/ingame_ui.lua:144: in function setup_views
  [9] scripts/ui/views/ingame_ui.lua:100: in function init
  [10] foundation/scripts/util/class.lua:60: in function new
  [11] scripts/game_state/state_ingame_running.lua:239: in function create_ingame_ui
  [12] scripts/game_state/state_ingame_running.lua:166: in function on_enter
  [13] foundation/scripts/util/state_machine.lua:131: in function _change_state
  [14] scripts/game_state/game_state_machine.lua:18: in function _change_state
  [15] foundation/scripts/util/state_machine.lua:99: in function init
  [16] scripts/game_state/game_state_machine.lua:7: in function init
  [17] foundation/scripts/util/class.lua:60: in function new
  [18] scripts/game_state/state_ingame.lua:376: in function on_enter
  [19] foundation/scripts/util/state_machine.lua:131: in function _change_state
  [20] scripts/game_state/game_state_machine.lua:18: in function _change_state
  [21] foundation/scripts/util/state_machine.lua:148: in function update
  [22] scripts/boot.lua:730: in function game_update
  [23] scripts/boot.lua:526:in function <scripts/boot.lua:524>
<</Lua Stack>>
<<Lua Locals>>  [1] self = table: 000000000279AEE0; list_contents = table: 00000000028C7CF0; list_styles = table: 00000000028C7D20; icon_size = table: 00000000028C7D50; text = "menu_settings_bot_spawn_priority"; enabled_text_color = table: 00000000028C7D90; disabled_text_color = table: 00000000028C7DE0; default_priority = table: 0000000002012C50; saved_priority = table: 0000000002793760; profile_priority = table: 0000000002793760; num_entries = 8; i = 7; profile_id = 7; profile = nil
  [2] self = table: 000000000279AEE0; element = table: 00000000031EB980; scenegraph_id = "gameplay_settings_liststart"; base_offset = table: 00000000028C7BC0; callback_name = "cb_bot_spawn_priority"; callback_func = [function]; saved_value_cb_name = "cb_bot_spawn_priority_saved_value"; saved_value_cb = [function]; setup_name = "cb_bot_spawn_priority_setup"
  [3] self = table: 000000000279AEE0; definition = table: 00000000031E95B0; scenegraph_id = "gameplay_settings_list"; scenegraph_definition = table: 00000000031CBEC0; scenegraph_id_start = "gameplay_settings_liststart"; list_size_y = 1120; widgets = table: 0000000002F45A50; widgets_n = 30; definition_n = 40; i = 35; element = table: 00000000031EB980; base_offset = table: 00000000028C7BC0; widget = nil; size_y = 0; widget_type = "sorted_list"
  [4] self = table: 000000000279AEE0; background_widgets_n = 10; title_buttons_n = 7; calibrate_ui_settings_list_dummy = table: 00000000029E0310; settings_lists = table: 00000000029E0370
  [5] self = table: 000000000279AEE0; ingame_ui_context = table: 0000000000FA9B10; input_manager = table: 00000000000CC390
  [6] self = table: 00000000031A9C30; object = table: 000000000279AEE0
  [7] ingame_ui_context = table: 0000000000FA9B10
  [8] self = table: 0000000000AECBD0; ingame_ui_context = table: 0000000000FA9B10
  [9] self = table: 0000000000AECBD0; ingame_ui_context = table: 0000000000FA9B10; world = [World]; top_world = [World]; wwise_world = [WwiseWorld]; game_mode_key = "inn"; is_tutorial = false; is_in_inn = true; input_manager = table: 00000000000CC390
  [10] self = table: 00000000045A3230; object = table: 0000000000AECBD0
  [11] self = table: 00000000009749B0; ingame_ui_context = table: 0000000000FA9B10
  [12] self = table: 00000000009749B0; params = table: 0000000000E90BD0; viewport_name = "player_1"; input_manager = table: 00000000000CC390; input_source = table: 0000000000BCABC0; player_manager = table: 0000000001B0F630; peer_id = "110000117d22d15"; local_player_id = 1; player = table: 0000000000E90C00; stats_id = "110000117d22d15:1"; entity_manager = table: 000000000059E840; camera_system = table: 00000000022B2B90; outline_system = table: 00000000022092B0; fade_system = table: 00000000022BC270; sound_sector_system = table: 000000000293AB20; sound_environment_system = table: 000000000063ADC0; event_manager = table: 0000000001BB9380; level_key = "inn_level"; ingame_ui_context = table: 0000000000FA9B10
  [13] self = table: 00000000012AD590; new_state = table: 000000000282EC50; params = table: 0000000000E90BD0; scope_name = "StateInGameRunning:on_enter"
  [14] self = table: 00000000012AD590; new_state = table: 000000000282EC50; notify = nil; old_state = nil
  [15] self = table: 00000000012AD590; parent = table: 000000000467B0B0; start_state = table: 000000000282EC50; params = table: 0000000000E90BD0; profiling_debugging_enabled = true
  [16] self = table: 00000000012AD590; parent = table: 000000000467B0B0; start_state = table: 000000000282EC50; params = table: 0000000000E90BD0; profiling_debugging_enabled = true
  [17] self = table: 0000000001DC0B70; object = table: 00000000012AD590
  [18] self = table: 000000000467B0B0; loading_context = table: 0000000001C7B6A0; is_server = true; assert_on_leak = true; input_manager = table: 00000000000CC390; level_key = "inn_level"; db = table: 0000000001B6B760; world = [World]; network_event_delegate = table: 00000000006C2D70; top_gui_world_name = "top_ingame_view"; top_gui_world = [World]; debug_screen_data = table: 0000000002878680; difficulty = "normal"; num_players = 1; engine_revision = "8462f992ef28"; content_revision = "<</Lua Locals>>
<<Lua Self>>  [1] _tobii_is_connected = false; safe_rect_widget = table: 00000000029E0180; scrollbar = table: 0000000000C13200; background_widgets = table: 0000000002793790; reset_to_default = table: 0000000000C127E0; apply_button = table: 0000000003935690; changed_bot_spawn_priority = false; session_keymaps = table: 000000000279B840; exit_button = table: 00000000039349B0; changed_render_settings = table: 000000000279B810; voip = table: 0000000001BC7730; ui_top_renderer = table: 000000000267CB70; platform = "win32"; title_buttons_n = 7; is_in_tutorial = false; ui_renderer = table: 0000000000AECCD0; ingame_ui = table: 0000000000AECBD0; ui_animations = table: 000000000279B7B0; input_manager = table: 00000000000CC390; controller_cooldown = 0; wwise_world = [WwiseWorld]; render_settings = table: 000000000279AF10; title_buttons = table: 000000000276CF50; changed_user_settings = table: 000000000279B7E0; gamepad_tooltip_text_widget = table: 000000000276CDB0; scroll_field_widget = table: 000000000278E8B0; session_bot_spawn_priority = table: 0000000002793760; level_transition_handler = table: 00000000013CEC50; background_widgets_n = 10; changed_keymaps = false; 
  [2] _tobii_is_connected = false; safe_rect_widget = table: 00000000029E0180; scrollbar = table: 0000000000C13200; background_widgets = table: 0000000002793790; reset_to_default = table: 0000000000C127E0; apply_button = table: 0000000003935690; changed_bot_spawn_priority = false; session_keymaps = table: 000000000279B840; exit_button = table: 00000000039349B0; changed_render_settings = table: 000000000279B810; voip = table: 0000000001BC7730; ui_top_renderer = table: 000000000267CB70; platform = "win32"; title_buttons_n = 7; is_in_tutorial = false; ui_renderer = table: 0000000000AECCD0; ingame_ui = table: 0000000000AECBD0; ui_animations = table: 000000000279B7B0; input_manager = table: 00000000000CC390; controller_cooldown = 0; wwise_world = [WwiseWorld]; render_settings = table: 000000000279AF10; title_buttons = table: 000000000276CF50; changed_user_settings = table: 000000000279B7E0; gamepad_tooltip_text_widget = table: 000000000276CDB0; scroll_field_widget = table: 000000000278E8B0; session_bot_spawn_priority = table: 0000000002793760; level_transition_handler = table: 00000000013CEC50; background_widgets_n = 10; changed_keymaps = false; 
  [3] _tobii_is_connected = false; safe_rect_widget = table: 00000000029E0180; scrollbar = table: 0000000000C13200; background_widgets = table: 0000000002793790; reset_to_default = table: 0000000000C127E0; apply_button = table: 0000000003935690; changed_bot_spawn_priority = false; session_keymaps = table: 000000000279B840; exit_button = table: 00000000039349B0; changed_render_settings = table: 000000000279B810; voip = table: 0000000001BC7730; ui_top_renderer = table: 000000000267CB70; platform = "win32"; title_buttons_n = 7; is_in_tutorial = false; ui_renderer = table: 0000000000AECCD0; ingame_ui = table: 0000000000AECBD0; ui_animations = table: 000000000279B7B0; input_manager = table: 00000000000CC390; controller_cooldown = 0; wwise_world = [WwiseWorld]; render_settings = table: 000000000279AF10; title_buttons = table: 000000000276CF50; changed_user_settings = table: 000000000279B7E0; gamepad_tooltip_text_widget = table: 000000000276CDB0; scroll_field_widget = table: 000000000278E8B0; session_bot_spawn_priority = table: 0000000002793760; level_transition_handler = table: 00000000013CEC50; background_widgets_n = 10; changed_keymaps = false; 
  [4] _tobii_is_connected = false; safe_rect_widget = table: 00000000029E0180; scrollbar = table: 0000000000C13200; background_widgets = table: 0000000002793790; reset_to_default = table: 0000000000C127E0; apply_button = table: 0000000003935690; changed_bot_spawn_priority = false; session_keymaps = table: 000000000279B840; exit_button = table: 00000000039349B0; changed_render_settings = table: 000000000279B810; voip = table: 0000000001BC7730; ui_top_renderer = table: 000000000267CB70; platform = "win32"; title_buttons_n = 7; is_in_tutorial = false; ui_renderer = table: 0000000000AECCD0; ingame_ui = table: 00<</Lua Self>>
[Log end]
